<?xml version="1.0" encoding="UTF-8"?>
<!-- Generated by org.testng.reporters.JUnitXMLReporter -->
<testsuite ignored="0" hostname="Ajay" failures="0" tests="6" name="Default test" time="19.103" errors="0" timestamp="2023-04-13T15:13:54 IST">
  <testcase classname="api.test.DDTests" name="testPostuser" time="7.623"/>
  <testcase classname="api.test.DDTests" name="testPostuser" time="1.236"/>
  <testcase classname="api.test.DDTests" name="testPostuser" time="1.194"/>
  <testcase classname="api.test.DDTests" name="testDeleteUserByName" time="1.37"/>
  <testcase classname="api.test.DDTests" name="testDeleteUserByName" time="1.592"/>
  <testcase classname="api.test.DDTests" name="testDeleteUserByName" time="1.314"/>
</testsuite> <!-- Default test -->
