<?xml version="1.0" encoding="UTF-8"?>
<testng-results ignored="0" total="4" passed="4" failed="0" skipped="0">
  <reporter-output>
  </reporter-output>
  <suite started-at="2023-04-13T21:07:53 IST" name="PetSuite" finished-at="2023-04-13T21:08:06 IST" duration-ms="12919">
    <groups>
    </groups>
    <test started-at="2023-04-13T21:07:53 IST" name="PetTests" finished-at="2023-04-13T21:08:06 IST" duration-ms="12919">
      <class name="api.test.UserTests2">
        <test-method is-config="true" signature="setup()[pri:0, instance:api.test.UserTests2@6973b51b]" started-at="2023-04-13T21:07:53 IST" name="setup" finished-at="2023-04-13T21:07:55 IST" duration-ms="1257" status="PASS">
          <reporter-output>
          </reporter-output>
        </test-method> <!-- setup -->
        <test-method signature="testPostUser()[pri:1, instance:api.test.UserTests2@6973b51b]" started-at="2023-04-13T21:07:55 IST" name="testPostUser" finished-at="2023-04-13T21:07:59 IST" duration-ms="4247" status="PASS">
          <reporter-output>
          </reporter-output>
        </test-method> <!-- testPostUser -->
        <test-method signature="testGetUserByName()[pri:2, instance:api.test.UserTests2@6973b51b]" started-at="2023-04-13T21:07:59 IST" name="testGetUserByName" finished-at="2023-04-13T21:08:00 IST" duration-ms="1277" status="PASS">
          <reporter-output>
          </reporter-output>
        </test-method> <!-- testGetUserByName -->
        <test-method signature="testUpdateUserByName()[pri:3, instance:api.test.UserTests2@6973b51b]" started-at="2023-04-13T21:08:00 IST" name="testUpdateUserByName" finished-at="2023-04-13T21:08:05 IST" duration-ms="4507" status="PASS">
          <reporter-output>
          </reporter-output>
        </test-method> <!-- testUpdateUserByName -->
        <test-method signature="testDeleteUserByName()[pri:4, instance:api.test.UserTests2@6973b51b]" started-at="2023-04-13T21:08:05 IST" name="testDeleteUserByName" finished-at="2023-04-13T21:08:06 IST" duration-ms="1221" status="PASS">
          <reporter-output>
          </reporter-output>
        </test-method> <!-- testDeleteUserByName -->
      </class> <!-- api.test.UserTests2 -->
    </test> <!-- PetTests -->
  </suite> <!-- PetSuite -->
</testng-results>
