<?xml version="1.0" encoding="UTF-8"?>
<!-- Generated by org.testng.reporters.JUnitXMLReporter -->
<testsuite ignored="0" hostname="Ajay" failures="0" tests="4" name="PetTests" time="12.919" errors="0" timestamp="2023-04-13T21:08:06 IST">
  <testcase classname="api.test.UserTests2" name="testPostUser" time="4.247"/>
  <testcase classname="api.test.UserTests2" name="testGetUserByName" time="1.277"/>
  <testcase classname="api.test.UserTests2" name="testUpdateUserByName" time="4.507"/>
  <testcase classname="api.test.UserTests2" name="testDeleteUserByName" time="1.221"/>
</testsuite> <!-- PetTests -->
