<?xml version="1.0" encoding="UTF-8"?>
<!-- Generated by org.testng.reporters.JUnitXMLReporter -->
<testsuite ignored="0" hostname="Ajay" failures="0" tests="4" name="PetTests" time="14.84" errors="0" timestamp="2023-04-13T22:22:05 IST">
  <testcase classname="api.test.UserTests2" name="testPostUser" time="6.519"/>
  <testcase classname="api.test.UserTests2" name="testGetUserByName" time="1.3"/>
  <testcase classname="api.test.UserTests2" name="testUpdateUserByName" time="2.739"/>
  <testcase classname="api.test.UserTests2" name="testDeleteUserByName" time="1.4"/>
</testsuite> <!-- PetTests -->
