<?xml version="1.0" encoding="UTF-8"?>
<!-- Generated by org.testng.reporters.JUnitXMLReporter -->
<testsuite ignored="0" hostname="Ajay" failures="0" tests="4" name="PetTests" time="13.304" errors="0" timestamp="2023-04-13T18:14:32 IST">
  <testcase classname="api.test.UserTests2" name="testPostUser" time="5.898"/>
  <testcase classname="api.test.UserTests2" name="testGetUserByName" time="1.245"/>
  <testcase classname="api.test.UserTests2" name="testUpdateUserByName" time="2.337"/>
  <testcase classname="api.test.UserTests2" name="testDeleteUserByName" time="1.148"/>
</testsuite> <!-- PetTests -->
